{"name": "Change user password - Test A01", "status": "broken", "statusDetails": {"message": "selenium.common.exceptions.NoSuchElementException: Message: no such element: Unable to locate element: {\"method\":\"css selector\",\"selector\":\"#payment-existing > select\"}\n  (Session info: MicrosoftEdge=133.0.3065.82)\nStacktrace:\n\tGetHandleVerifier [0x00007FF66B50E735+13397]\n\tMicrosoft::Applications::Events::EventProperty::empty [0x00007FF66B79B1B4+2060276]\n\tMicrosoft::Applications::Events::EventProperty::empty [0x00007FF66B6F2338+1368440]\n\t(No symbol) [0x00007FF66B2E32A9]\n\t(No symbol) [0x00007FF66B2E349B]\n\t(No symbol) [0x00007FF66B3240E7]\n\t(No symbol) [0x00007FF66B30429F]\n\t(No symbol) [0x00007FF66B2D964D]\n\t(No symbol) [0x00007FF66B321C00]\n\t(No symbol) [0x00007FF66B303FC3]\n\t(No symbol) [0x00007FF66B2D8B96]\n\t(No symbol) [0x00007FF66B2D7E50]\n\t(No symbol) [0x00007FF66B2D89C3]\n\t(No symbol) [0x00007FF66B360214]\n\t(No symbol) [0x00007FF66B3F06CF]\n\t(No symbol) [0x00007FF66B363A53]\n\tMicrosoft::Applications::Events::EventProperty::to_string [0x00007FF66B8545BD+279981]\n\tsimdutf::get_active_implementation [0x00007FF66B4978C1+409457]\n\tsimdutf::get_active_implementation [0x00007FF66B492BA4+389716]\n\tsimdutf::get_active_implementation [0x00007FF66B492CE9+390041]\n\tsimdutf::get_active_implementation [0x00007FF66B4862E6+338326]\n\tBaseThreadInitThunk [0x00007FFC58757374+20]\n\tRtlUserThreadStart [0x00007FFC5891CC91+33]", "trace": "self = <Tests.Check_out_forms_Test_PageTT05.Test_checkout_forms object at 0x00000246304A3770>\nusername = 'jaber@xsense.co', password = 'jaberr'\n\n    @allure.severity(Severity.CRITICAL)\n    @allure.title(\"Change user password - Test A01\")\n    @allure.description(\"logging in,Navigates to my account page,navigate to change password page,and change password\")\n    @pytest.mark.parametrize(\"username,password,\", users)\n    def test_Complete_order_test(self, username, password):\n        product = Choose_product(self.driver)\n        Login = login(self.driver)\n        user = user_actions(self.driver)\n        Checkout=Checkoutforms(self.driver)\n        with allure.step(\"Login page steps\"):\n            Login.menu_button()\n            Login.wait(2)\n            Login.login_L01()\n            Login.wait(2)\n            Login.fill_info(username, password)\n            Login.wait(2)\n            Login.loginbtn()\n        with allure.step(\"Choose product category\"):\n            product.delay(5)\n            product.choose_category(\"MP3 Players\")\n            product.delay(5)\n        with allure.step(\"Choose product\"):\n            product.delay(5)\n            product.choose_product(\"iPod Touch\")\n        with allure.step(\"add to cart\"):\n            product.delay(5)\n            product.add_to_cart()\n            product.delay(5)\n            product.naviagte_to_cart()\n            product.delay(5)\n        with allure.step(\"Checkout button\"):\n            Checkout.delay(3)\n            Checkout.checkout()\n        with allure.step(\"Checkout - Billing details\"):\n            Checkout.delay(3)\n>           Checkout.billing_details(\"13701\")\n\nCheck_out_forms_Test_PageTT05.py:66: \n_ _ _ _ _ _ _ _ _ _ _ _ _ _ _ _ _ _ _ _ _ _ _ _ _ _ _ _ _ _ _ _ _ _ _ _ _ _ _ _\n..\\Pages\\Check_out_forms_PageTT05.py:36: in billing_details\n    self.bill_details(self.Address_select_options,self.Continue_button,option)\n..\\Pages\\Basepage.py:605: in bill_details\n    address_options=self.driver.find_element(*address)\n..\\.venv\\Lib\\site-packages\\selenium\\webdriver\\remote\\webdriver.py:831: in find_element\n    return self.execute(Command.FIND_ELEMENT, {\"using\": by, \"value\": value})[\"value\"]\n..\\.venv\\Lib\\site-packages\\selenium\\webdriver\\remote\\webdriver.py:440: in execute\n    self.error_handler.check_response(response)\n_ _ _ _ _ _ _ _ _ _ _ _ _ _ _ _ _ _ _ _ _ _ _ _ _ _ _ _ _ _ _ _ _ _ _ _ _ _ _ _\n\nself = <selenium.webdriver.remote.errorhandler.ErrorHandler object at 0x00000246304A3F20>\nresponse = {'status': 404, 'value': '{\"value\":{\"error\":\"no such element\",\"message\":\"no such element: Unable to locate element: {\\...4862E6+338326]\\\\n\\\\tBaseThreadInitThunk [0x00007FFC58757374+20]\\\\n\\\\tRtlUserThreadStart [0x00007FFC5891CC91+33]\\\\n\"}}'}\n\n    def check_response(self, response: Dict[str, Any]) -> None:\n        \"\"\"Checks that a JSON response from the WebDriver does not have an\n        error.\n    \n        :Args:\n         - response - The JSON response from the WebDriver server as a dictionary\n           object.\n    \n        :Raises: If the response contains an error message.\n        \"\"\"\n        status = response.get(\"status\", None)\n        if not status or status == ErrorCode.SUCCESS:\n            return\n        value = None\n        message = response.get(\"message\", \"\")\n        screen: str = response.get(\"screen\", \"\")\n        stacktrace = None\n        if isinstance(status, int):\n            value_json = response.get(\"value\", None)\n            if value_json and isinstance(value_json, str):\n                import json\n    \n                try:\n                    value = json.loads(value_json)\n                    if len(value) == 1:\n                        value = value[\"value\"]\n                    status = value.get(\"error\", None)\n                    if not status:\n                        status = value.get(\"status\", ErrorCode.UNKNOWN_ERROR)\n                        message = value.get(\"value\") or value.get(\"message\")\n                        if not isinstance(message, str):\n                            value = message\n                            message = message.get(\"message\")\n                    else:\n                        message = value.get(\"message\", None)\n                except ValueError:\n                    pass\n    \n        exception_class: Type[WebDriverException]\n        if status in ErrorCode.NO_SUCH_ELEMENT:\n            exception_class = NoSuchElementException\n        elif status in ErrorCode.NO_SUCH_FRAME:\n            exception_class = NoSuchFrameException\n        elif status in ErrorCode.NO_SUCH_SHADOW_ROOT:\n            exception_class = NoSuchShadowRootException\n        elif status in ErrorCode.NO_SUCH_WINDOW:\n            exception_class = NoSuchWindowException\n        elif status in ErrorCode.STALE_ELEMENT_REFERENCE:\n            exception_class = StaleElementReferenceException\n        elif status in ErrorCode.ELEMENT_NOT_VISIBLE:\n            exception_class = ElementNotVisibleException\n        elif status in ErrorCode.INVALID_ELEMENT_STATE:\n            exception_class = InvalidElementStateException\n        elif (\n            status in ErrorCode.INVALID_SELECTOR\n            or status in ErrorCode.INVALID_XPATH_SELECTOR\n            or status in ErrorCode.INVALID_XPATH_SELECTOR_RETURN_TYPER\n        ):\n            exception_class = InvalidSelectorException\n        elif status in ErrorCode.ELEMENT_IS_NOT_SELECTABLE:\n            exception_class = ElementNotSelectableException\n        elif status in ErrorCode.ELEMENT_NOT_INTERACTABLE:\n            exception_class = ElementNotInteractableException\n        elif status in ErrorCode.INVALID_COOKIE_DOMAIN:\n            exception_class = InvalidCookieDomainException\n        elif status in ErrorCode.UNABLE_TO_SET_COOKIE:\n            exception_class = UnableToSetCookieException\n        elif status in ErrorCode.TIMEOUT:\n            exception_class = TimeoutException\n        elif status in ErrorCode.SCRIPT_TIMEOUT:\n            exception_class = TimeoutException\n        elif status in ErrorCode.UNKNOWN_ERROR:\n            exception_class = WebDriverException\n        elif status in ErrorCode.UNEXPECTED_ALERT_OPEN:\n            exception_class = UnexpectedAlertPresentException\n        elif status in ErrorCode.NO_ALERT_OPEN:\n            exception_class = NoAlertPresentException\n        elif status in ErrorCode.IME_NOT_AVAILABLE:\n            exception_class = ImeNotAvailableException\n        elif status in ErrorCode.IME_ENGINE_ACTIVATION_FAILED:\n            exception_class = ImeActivationFailedException\n        elif status in ErrorCode.MOVE_TARGET_OUT_OF_BOUNDS:\n            exception_class = MoveTargetOutOfBoundsException\n        elif status in ErrorCode.JAVASCRIPT_ERROR:\n            exception_class = JavascriptException\n        elif status in ErrorCode.SESSION_NOT_CREATED:\n            exception_class = SessionNotCreatedException\n        elif status in ErrorCode.INVALID_ARGUMENT:\n            exception_class = InvalidArgumentException\n        elif status in ErrorCode.NO_SUCH_COOKIE:\n            exception_class = NoSuchCookieException\n        elif status in ErrorCode.UNABLE_TO_CAPTURE_SCREEN:\n            exception_class = ScreenshotException\n        elif status in ErrorCode.ELEMENT_CLICK_INTERCEPTED:\n            exception_class = ElementClickInterceptedException\n        elif status in ErrorCode.INSECURE_CERTIFICATE:\n            exception_class = InsecureCertificateException\n        elif status in ErrorCode.INVALID_COORDINATES:\n            exception_class = InvalidCoordinatesException\n        elif status in ErrorCode.INVALID_SESSION_ID:\n            exception_class = InvalidSessionIdException\n        elif status in ErrorCode.UNKNOWN_METHOD:\n            exception_class = UnknownMethodException\n        else:\n            exception_class = WebDriverException\n        if not value:\n            value = response[\"value\"]\n        if isinstance(value, str):\n            raise exception_class(value)\n        if message == \"\" and \"message\" in value:\n            message = value[\"message\"]\n    \n        screen = None  # type: ignore[assignment]\n        if \"screen\" in value:\n            screen = value[\"screen\"]\n    \n        stacktrace = None\n        st_value = value.get(\"stackTrace\") or value.get(\"stacktrace\")\n        if st_value:\n            if isinstance(st_value, str):\n                stacktrace = st_value.split(\"\\n\")\n            else:\n                stacktrace = []\n                try:\n                    for frame in st_value:\n                        line = frame.get(\"lineNumber\", \"\")\n                        file = frame.get(\"fileName\", \"<anonymous>\")\n                        if line:\n                            file = f\"{file}:{line}\"\n                        meth = frame.get(\"methodName\", \"<anonymous>\")\n                        if \"className\" in frame:\n                            meth = f\"{frame['className']}.{meth}\"\n                        msg = \"    at %s (%s)\"\n                        msg = msg % (meth, file)\n                        stacktrace.append(msg)\n                except TypeError:\n                    pass\n        if exception_class == UnexpectedAlertPresentException:\n            alert_text = None\n            if \"data\" in value:\n                alert_text = value[\"data\"].get(\"text\")\n            elif \"alert\" in value:\n                alert_text = value[\"alert\"].get(\"text\")\n            raise exception_class(message, screen, stacktrace, alert_text)  # type: ignore[call-arg]  # mypy is not smart enough here\n>       raise exception_class(message, screen, stacktrace)\nE       selenium.common.exceptions.NoSuchElementException: Message: no such element: Unable to locate element: {\"method\":\"css selector\",\"selector\":\"#payment-existing > select\"}\nE         (Session info: MicrosoftEdge=133.0.3065.82)\nE       Stacktrace:\nE       \tGetHandleVerifier [0x00007FF66B50E735+13397]\nE       \tMicrosoft::Applications::Events::EventProperty::empty [0x00007FF66B79B1B4+2060276]\nE       \tMicrosoft::Applications::Events::EventProperty::empty [0x00007FF66B6F2338+1368440]\nE       \t(No symbol) [0x00007FF66B2E32A9]\nE       \t(No symbol) [0x00007FF66B2E349B]\nE       \t(No symbol) [0x00007FF66B3240E7]\nE       \t(No symbol) [0x00007FF66B30429F]\nE       \t(No symbol) [0x00007FF66B2D964D]\nE       \t(No symbol) [0x00007FF66B321C00]\nE       \t(No symbol) [0x00007FF66B303FC3]\nE       \t(No symbol) [0x00007FF66B2D8B96]\nE       \t(No symbol) [0x00007FF66B2D7E50]\nE       \t(No symbol) [0x00007FF66B2D89C3]\nE       \t(No symbol) [0x00007FF66B360214]\nE       \t(No symbol) [0x00007FF66B3F06CF]\nE       \t(No symbol) [0x00007FF66B363A53]\nE       \tMicrosoft::Applications::Events::EventProperty::to_string [0x00007FF66B8545BD+279981]\nE       \tsimdutf::get_active_implementation [0x00007FF66B4978C1+409457]\nE       \tsimdutf::get_active_implementation [0x00007FF66B492BA4+389716]\nE       \tsimdutf::get_active_implementation [0x00007FF66B492CE9+390041]\nE       \tsimdutf::get_active_implementation [0x00007FF66B4862E6+338326]\nE       \tBaseThreadInitThunk [0x00007FFC58757374+20]\nE       \tRtlUserThreadStart [0x00007FFC5891CC91+33]\n\n..\\.venv\\Lib\\site-packages\\selenium\\webdriver\\remote\\errorhandler.py:245: NoSuchElementException"}, "description": "logging in,Navigates to my account page,navigate to change password page,and change password", "steps": [{"name": "Login page steps", "status": "passed", "steps": [{"name": "login with username: 'jaber@xsense.co' and password : 'jaberr'", "status": "passed", "parameters": [{"name": "username", "value": "'jaber@xsense.co'"}, {"name": "password", "value": "'jaberr'"}], "start": 1740501376977, "stop": 1740501389242}], "start": 1740501359468, "stop": 1740501395679}, {"name": "Choose product category", "status": "passed", "start": 1740501395679, "stop": 1740501428211}, {"name": "Choose product", "status": "passed", "start": 1740501428211, "stop": 1740501436124}, {"name": "add to cart", "status": "passed", "start": 1740501436124, "stop": 1740501468259}, {"name": "Checkout button", "status": "passed", "start": 1740501468259, "stop": 1740501478328}, {"name": "Checkout - Billing details", "status": "broken", "statusDetails": {"message": "selenium.common.exceptions.NoSuchElementException: Message: no such element: Unable to locate element: {\"method\":\"css selector\",\"selector\":\"#payment-existing > select\"}\n  (Session info: MicrosoftEdge=133.0.3065.82)\nStacktrace:\n\tGetHandleVerifier [0x00007FF66B50E735+13397]\n\tMicrosoft::Applications::Events::EventProperty::empty [0x00007FF66B79B1B4+2060276]\n\tMicrosoft::Applications::Events::EventProperty::empty [0x00007FF66B6F2338+1368440]\n\t(No symbol) [0x00007FF66B2E32A9]\n\t(No symbol) [0x00007FF66B2E349B]\n\t(No symbol) [0x00007FF66B3240E7]\n\t(No symbol) [0x00007FF66B30429F]\n\t(No symbol) [0x00007FF66B2D964D]\n\t(No symbol) [0x00007FF66B321C00]\n\t(No symbol) [0x00007FF66B303FC3]\n\t(No symbol) [0x00007FF66B2D8B96]\n\t(No symbol) [0x00007FF66B2D7E50]\n\t(No symbol) [0x00007FF66B2D89C3]\n\t(No symbol) [0x00007FF66B360214]\n\t(No symbol) [0x00007FF66B3F06CF]\n\t(No symbol) [0x00007FF66B363A53]\n\tMicrosoft::Applications::Events::EventProperty::to_string [0x00007FF66B8545BD+279981]\n\tsimdutf::get_active_implementation [0x00007FF66B4978C1+409457]\n\tsimdutf::get_active_implementation [0x00007FF66B492BA4+389716]\n\tsimdutf::get_active_implementation [0x00007FF66B492CE9+390041]\n\tsimdutf::get_active_implementation [0x00007FF66B4862E6+338326]\n\tBaseThreadInitThunk [0x00007FFC58757374+20]\n\tRtlUserThreadStart [0x00007FFC5891CC91+33]\n\n", "trace": "  File \"C:\\Users\\jaber\\PycharmProjects\\Final_Project\\Tests\\Check_out_forms_Test_PageTT05.py\", line 66, in test_Complete_order_test\n    Checkout.billing_details(\"13701\")\n  File \"C:\\Users\\jaber\\PycharmProjects\\Final_Project\\Pages\\Check_out_forms_PageTT05.py\", line 36, in billing_details\n    self.bill_details(self.Address_select_options,self.Continue_button,option)\n  File \"C:\\Users\\jaber\\PycharmProjects\\Final_Project\\Pages\\Basepage.py\", line 605, in bill_details\n    address_options=self.driver.find_element(*address)\n                    ^^^^^^^^^^^^^^^^^^^^^^^^^^^^^^^^^^\n  File \"C:\\Users\\jaber\\PycharmProjects\\Final_Project\\.venv\\Lib\\site-packages\\selenium\\webdriver\\remote\\webdriver.py\", line 831, in find_element\n    return self.execute(Command.FIND_ELEMENT, {\"using\": by, \"value\": value})[\"value\"]\n           ^^^^^^^^^^^^^^^^^^^^^^^^^^^^^^^^^^^^^^^^^^^^^^^^^^^^^^^^^^^^^^^^^\n  File \"C:\\Users\\jaber\\PycharmProjects\\Final_Project\\.venv\\Lib\\site-packages\\selenium\\webdriver\\remote\\webdriver.py\", line 440, in execute\n    self.error_handler.check_response(response)\n  File \"C:\\Users\\jaber\\PycharmProjects\\Final_Project\\.venv\\Lib\\site-packages\\selenium\\webdriver\\remote\\errorhandler.py\", line 245, in check_response\n    raise exception_class(message, screen, stacktrace)\n"}, "start": 1740501478328, "stop": 1740501484345}], "attachments": [{"name": "screenshot", "source": "9a09118c-b8f3-470d-8916-457a1cb2d8f9-attachment.png", "type": "image/png"}, {"name": "stdout", "source": "54a5d425-919e-4bae-8908-cad11dedd993-attachment.txt", "type": "text/plain"}], "parameters": [{"name": "username", "value": "'jaber@xsense.co'"}, {"name": "password", "value": "'jaberr'"}], "start": 1740501359468, "stop": 1740501484350, "uuid": "f49baf61-d0ce-4697-b5d2-ae24f6d51fec", "historyId": "b2eb1056f5280497cf44cedbbc677919", "testCaseId": "35421094f9d5376859c637097f73c6c6", "fullName": "Check_out_forms_Test_PageTT05.Test_checkout_forms#test_Complete_order_test", "labels": [{"name": "severity", "value": "critical"}, {"name": "suite", "value": "Check_out_forms_Test_PageTT05"}, {"name": "subSuite", "value": "Test_checkout_forms"}, {"name": "host", "value": "Laptop_W530_2"}, {"name": "thread", "value": "5900-MainThread"}, {"name": "framework", "value": "pytest"}, {"name": "language", "value": "cpython3"}, {"name": "package", "value": "Check_out_forms_Test_PageTT05"}]}